<component name="libraryTable">
  <library name="junit-platform-console-standalone-1.10.0-javadoc">
    <CLASSES>
      <root url="jar://$PROJECT_DIR$/src/junit-platform-console-standalone-1.10.0-javadoc.jar!/" />
    </CLASSES>
    <JAVADOC />
    <SOURCES />
  </library>
</component>